           _                 _    
  __ _  __| |_ __ __ _ _ __ | |_  
 / _` |/ _` | '__/ _` | '_ \| __| 
| (_| | (_| | | | (_| | | | | |_  
 \__, |\__,_|_|  \__,_|_| |_|\__| 
    |_|                           

Version: 1.11.4, build: d8b6e4a0
Access web UI at http://localhost:6333/dashboard

2024-09-23T07:45:47.579056Z  INFO storage::content_manager::consensus::persistent: Loading raft state from ./storage/raft_state.json    
2024-09-23T07:45:47.579158Z DEBUG storage::content_manager::consensus::persistent: State: Persistent { state: RaftState { hard_state: HardState { term: 0, vote: 0, commit: 0 }, conf_state: ConfState { voters: [6595259503391461], learners: [], voters_outgoing: [], learners_next: [], auto_leave: false } }, latest_snapshot_meta: SnapshotMetadataSer { term: 0, index: 0 }, apply_progress_queue: EntryApplyProgressQueue(None), peer_address_by_id: RwLock { data: {} }, peer_metadata_by_id: RwLock { data: {} }, cluster_metadata: {}, this_peer_id: 6595259503391461, path: "./storage/raft_state.json", dirty: false }    
2024-09-23T07:45:47.609300Z  INFO storage::content_manager::toc: Loading collection: default    
2024-09-23T07:45:47.724461Z  INFO collection::shards::local_shard: Recovering collection default: 0/1 (0%)    
2024-09-23T07:45:47.749093Z  INFO collection::shards::local_shard: Recovered collection default: 1/1 (100%)    
2024-09-23T07:45:47.751142Z DEBUG qdrant: Loaded collection: default    
2024-09-23T07:45:47.751172Z  INFO qdrant: Distributed mode disabled    
2024-09-23T07:45:47.751189Z  INFO qdrant: Telemetry reporting disabled    
2024-09-23T07:45:47.751376Z DEBUG qdrant: Waiting for thread web to finish    
2024-09-23T07:45:47.751893Z  WARN qdrant::actix::web_ui: Static content folder for Web UI './static' does not exist    
2024-09-23T07:45:47.752342Z  INFO qdrant::actix: TLS disabled for REST API    
2024-09-23T07:45:47.752900Z  INFO qdrant::actix: Qdrant HTTP listening on 6333    
2024-09-23T07:45:47.752919Z  INFO actix_server::builder: Starting 11 workers
2024-09-23T07:45:47.752936Z  INFO actix_server::server: Actix runtime found; starting in Actix runtime
2024-09-23T07:45:47.755365Z  INFO qdrant::tonic: Qdrant gRPC listening on 6334    
2024-09-23T07:45:47.755384Z  INFO qdrant::tonic: TLS disabled for gRPC API    
2024-09-23T07:45:57.598688Z  INFO storage::content_manager::toc::collection_meta_ops: Deleting collection default    
2024-09-23T07:45:57.599397Z DEBUG collection::update_handler: Stopping flush worker.    
2024-09-23T07:45:57.603483Z  INFO actix_web::middleware::logger: 127.0.0.1 "DELETE /collections/default HTTP/1.1" 200 48 "-" "curl/7.81.0" 0.004967    
2024-09-23T07:46:11.896951Z DEBUG storage::content_manager::snapshots::recover: Downloading snapshot from file:///home/vansh/gaianet/qdrant/snapshots/default/default.snapshot to /home/vansh/gaianet/qdrant/./snapshots/tmp/download-cuQSIF    
2024-09-23T07:46:11.896982Z DEBUG storage::content_manager::snapshots::recover: Snapshot downloaded to /home/vansh/gaianet/qdrant/snapshots/default/default.snapshot    
2024-09-23T07:46:11.897194Z DEBUG storage::content_manager::snapshots::recover: Recovering collection default from snapshot /home/vansh/gaianet/qdrant/snapshots/default/default.snapshot    
2024-09-23T07:46:11.897199Z DEBUG storage::content_manager::snapshots::recover: Unpacking snapshot to /home/vansh/gaianet/qdrant/./storage/tmp/col-default-recovery-uOZytN    
2024-09-23T07:46:13.850422Z DEBUG storage::content_manager::snapshots::recover: Collection default does not exist, creating it    
2024-09-23T07:46:13.850490Z  INFO storage::content_manager::toc::collection_meta_ops: Creating collection default    
2024-09-23T07:46:14.248532Z DEBUG collection::collection: Changing shard default:0 replica state from Some(Initializing) to Active    
2024-09-23T07:46:14.248560Z DEBUG collection::shards::replica_set: Changing local shard default:0 state from Some(Initializing) to Active    
2024-09-23T07:46:14.257752Z DEBUG storage::content_manager::snapshots::recover: Recovering shard 0 from /home/vansh/gaianet/qdrant/./storage/tmp/col-default-recovery-uOZytN/0    
2024-09-23T07:46:14.258242Z DEBUG collection::update_handler: Stopping flush worker.    
2024-09-23T07:46:14.638448Z  INFO collection::shards::local_shard: Recovering collection default: 0/25 (0%)    
2024-09-23T07:46:15.227108Z  INFO collection::shards::local_shard: Recovered collection default: 25/25 (100%)    
2024-09-23T07:46:15.229071Z DEBUG storage::content_manager::snapshots::recover: Activating shard 0 of collection default locally    
2024-09-23T07:46:15.229094Z DEBUG collection::collection: Changing shard default:0 replica state from Some(Active) to Active    
2024-09-23T07:46:15.229102Z DEBUG collection::shards::replica_set: Changing local shard default:0 state from Some(Active) to Active    
2024-09-23T07:46:15.240173Z  INFO actix_web::middleware::logger: 127.0.0.1 "POST /collections/default/snapshots/upload?priority=snapshot HTTP/1.1" 200 48 "-" "curl/7.81.0" 3.682382    
2024-09-23T07:46:20.266873Z  INFO actix_server::server: SIGTERM received; starting graceful shutdown
2024-09-23T07:46:20.266982Z DEBUG qdrant::tonic: Stopping gRPC service on SIGTERM    
2024-09-23T07:46:20.267047Z  INFO actix_server::worker: Shutting down idle worker
2024-09-23T07:46:20.267061Z  INFO actix_server::worker: Shutting down idle worker
2024-09-23T07:46:20.267087Z DEBUG actix_server::accept: Paused accepting connections on 127.0.0.1:6333
2024-09-23T07:46:20.267116Z  INFO actix_server::accept: Accept thread stopped
2024-09-23T07:46:20.267062Z  INFO actix_server::worker: Shutting down idle worker
2024-09-23T07:46:20.267165Z  INFO actix_server::worker: Shutting down idle worker
2024-09-23T07:46:20.267184Z  INFO actix_server::worker: Shutting down idle worker
2024-09-23T07:46:20.267184Z  INFO actix_server::worker: Shutting down idle worker
2024-09-23T07:46:20.267172Z  INFO actix_server::worker: Shutting down idle worker
2024-09-23T07:46:20.267297Z  INFO actix_server::worker: Shutting down idle worker
2024-09-23T07:46:20.267347Z  INFO actix_server::worker: Shutting down idle worker
2024-09-23T07:46:20.267112Z  INFO actix_server::worker: Shutting down idle worker
2024-09-23T07:46:20.267698Z  INFO actix_server::worker: Shutting down idle worker
2024-09-23T07:46:20.569690Z DEBUG qdrant: Waiting for thread grpc to finish    
2024-09-23T07:46:20.570832Z DEBUG collection::update_handler: Stopping flush worker.    
